2024-09-11 23:08:34,148 - 10.0.0.1/20 is down
2024-09-11 23:09:37,247 - 104.21.86.179 is up
2024-09-11 23:09:37,436 - Port 25 is open. Banner: 421 4.2.1 please try again later
2024-09-11 23:09:38,338 - Port 97 is open. Banner: None
2024-09-11 23:09:38,338 - Port 100 is open. Banner: None
2024-09-11 23:09:38,338 - Port 78 is open. Banner: None
2024-09-11 23:09:38,338 - Port 70 is open. Banner: None
2024-09-11 23:09:38,339 - Port 48 is open. Banner: None
2024-09-11 23:09:38,339 - Port 89 is open. Banner: None
2024-09-11 23:09:38,339 - Port 64 is open. Banner: None
2024-09-11 23:09:38,368 - Port 53 is open. Banner: None
2024-09-11 23:09:38,368 - Port 98 is open. Banner: None
2024-09-11 23:09:38,368 - Port 79 is open. Banner: None
2024-09-11 23:09:38,369 - Port 91 is open. Banner: None
2024-09-11 23:09:38,430 - Port 80 is open. Banner: None
2024-09-11 23:09:39,426 - Port 196 is open. Banner: None
2024-09-11 23:09:39,457 - Port 197 is open. Banner: None
2024-09-11 23:09:39,457 - Port 198 is open. Banner: None
2024-09-11 23:09:39,457 - Port 199 is open. Banner: None
2024-09-11 23:09:41,373 - Port 372 is open. Banner: None
2024-09-11 23:09:42,455 - Port 443 is open. Banner: None
2024-09-11 23:09:46,586 - Port 898 is open. Banner: None
2024-09-11 23:09:46,601 - Port 899 is open. Banner: None
2024-09-11 23:09:46,601 - Port 901 is open. Banner: None
2024-09-11 23:09:46,601 - Port 900 is open. Banner: None
2024-09-11 23:18:56,403 - 104.21.86.179 is up
2024-09-11 23:18:57,562 - Port 80 is open. Service: HTTP. Banner: None
2024-09-11 23:18:57,577 - Port 25 is open. Service: SMTP. Banner: None
2024-09-11 23:18:58,513 - Port 182 is open. Service: Unknown Service. Banner: None
2024-09-11 23:18:58,513 - Port 183 is open. Service: Unknown Service. Banner: None
2024-09-11 23:18:58,513 - Port 181 is open. Service: Unknown Service. Banner: None
2024-09-11 23:18:58,545 - Port 177 is open. Service: Unknown Service. Banner: None
2024-09-11 23:18:58,545 - Port 180 is open. Service: Unknown Service. Banner: None
2024-09-11 23:19:00,570 - Port 376 is open. Service: Unknown Service. Banner: None
2024-09-11 23:19:00,571 - Port 387 is open. Service: Unknown Service. Banner: None
2024-09-11 23:19:00,571 - Port 385 is open. Service: Unknown Service. Banner: None
2024-09-11 23:19:00,571 - Port 370 is open. Service: Unknown Service. Banner: None
2024-09-11 23:19:00,571 - Port 374 is open. Service: Unknown Service. Banner: None
2024-09-11 23:19:00,572 - Port 319 is open. Service: Unknown Service. Banner: None
2024-09-11 23:19:00,572 - Port 332 is open. Service: Unknown Service. Banner: None
2024-09-11 23:19:00,572 - Port 365 is open. Service: Unknown Service. Banner: None
2024-09-11 23:19:00,572 - Port 388 is open. Service: Unknown Service. Banner: None
2024-09-11 23:19:00,572 - Port 317 is open. Service: Unknown Service. Banner: None
2024-09-11 23:19:00,572 - Port 366 is open. Service: Unknown Service. Banner: None
2024-09-11 23:19:00,573 - Port 380 is open. Service: Unknown Service. Banner: None
2024-09-11 23:19:00,573 - Port 373 is open. Service: Unknown Service. Banner: None
2024-09-11 23:19:00,573 - Port 393 is open. Service: Unknown Service. Banner: None
2024-09-11 23:19:00,573 - Port 382 is open. Service: Unknown Service. Banner: None
2024-09-11 23:19:00,573 - Port 383 is open. Service: Unknown Service. Banner: None
2024-09-11 23:19:00,573 - Port 313 is open. Service: Unknown Service. Banner: None
2024-09-11 23:19:00,573 - Port 379 is open. Service: Unknown Service. Banner: None
2024-09-11 23:19:00,574 - Port 375 is open. Service: Unknown Service. Banner: None
2024-09-11 23:19:00,574 - Port 363 is open. Service: Unknown Service. Banner: None
2024-09-11 23:19:00,574 - Port 381 is open. Service: Unknown Service. Banner: None
2024-09-11 23:19:00,574 - Port 377 is open. Service: Unknown Service. Banner: None
2024-09-11 23:19:00,586 - Port 395 is open. Service: Unknown Service. Banner: None
2024-09-11 23:19:00,601 - Port 394 is open. Service: Unknown Service. Banner: None
2024-09-11 23:19:00,617 - Port 392 is open. Service: Unknown Service. Banner: None
2024-09-11 23:19:00,633 - Port 389 is open. Service: Unknown Service. Banner: None
2024-09-11 23:19:00,633 - Port 386 is open. Service: Unknown Service. Banner: None
2024-09-11 23:19:00,633 - Port 384 is open. Service: Unknown Service. Banner: None
2024-09-11 23:19:00,648 - Port 342 is open. Service: Unknown Service. Banner: None
2024-09-11 23:19:00,664 - Port 400 is open. Service: Unknown Service. Banner: None
2024-09-11 23:19:01,627 - Port 443 is open. Service: HTTPS. Banner: None
2024-09-11 23:55:30,371 - 104.21.86.179 is up
2024-09-11 23:55:31,491 - Port 99 is open. Service: Metagram Relay. Banner: None
2024-09-11 23:55:31,491 - Port 96 is open. Service: DIXIE Protocol Specification. Banner: None
2024-09-11 23:55:31,491 - Port 98 is open. Service: TAC News. Banner: None
2024-09-11 23:55:31,537 - Port 25 is open. Service: SMTP. Banner: None
2024-09-11 23:55:31,537 - Port 80 is open. Service: HTTP. Banner: None
2024-09-11 23:55:35,582 - Port 443 is open. Service: HTTPS. Banner: None
2024-09-11 23:55:39,622 - Port 896 is open. Service: Unknown Service. Banner: None
2024-09-11 23:55:39,637 - Port 897 is open. Service: Unknown Service. Banner: None
2024-09-11 23:55:39,637 - Port 895 is open. Service: Unknown Service. Banner: None
2024-09-11 23:55:39,684 - Port 900 is open. Service: Unknown Service. Banner: None
2024-09-11 23:55:39,684 - Port 899 is open. Service: Unknown Service. Banner: None
2024-09-11 23:55:39,685 - Port 898 is open. Service: Unknown Service. Banner: None
2024-09-11 23:55:40,569 - Port 957 is open. Service: Unknown Service. Banner: None
2024-09-11 23:55:40,569 - Port 959 is open. Service: Unknown Service. Banner: None
2024-09-11 23:55:40,569 - Port 955 is open. Service: Unknown Service. Banner: None
2024-09-11 23:55:40,570 - Port 956 is open. Service: Unknown Service. Banner: None
2024-09-12 00:03:01,005 - 104.21.86.179 is up
2024-09-12 00:03:02,169 - Port 80 is open. Service: HTTP. Banner: None
2024-09-12 00:03:02,185 - Port 25 is open. Service: SMTP. Banner: None
2024-09-12 00:03:03,088 - Port 127 is open. Service: Unknown Service. Banner: None
2024-09-12 00:03:03,088 - Port 118 is open. Service: SQL Services. Banner: None
2024-09-12 00:03:03,103 - Port 141 is open. Service: Unknown Service. Banner: None
2024-09-12 00:03:03,103 - Port 147 is open. Service: Unknown Service. Banner: None
2024-09-12 00:03:03,103 - Port 114 is open. Service: Unknown Service. Banner: None
2024-09-12 00:03:03,103 - Port 149 is open. Service: Unknown Service. Banner: None
2024-09-12 00:03:03,103 - Port 154 is open. Service: Unknown Service. Banner: None
2024-09-12 00:03:03,104 - Port 178 is open. Service: Unknown Service. Banner: None
2024-09-12 00:03:03,118 - Port 175 is open. Service: Unknown Service. Banner: None
2024-09-12 00:03:03,118 - Port 188 is open. Service: Unknown Service. Banner: None
2024-09-12 00:03:03,118 - Port 125 is open. Service: Unknown Service. Banner: None
2024-09-12 00:03:03,119 - Port 120 is open. Service: Unknown Service. Banner: None
2024-09-12 00:03:03,119 - Port 189 is open. Service: Unknown Service. Banner: None
2024-09-12 00:03:03,134 - Port 177 is open. Service: Unknown Service. Banner: None
2024-09-12 00:03:03,134 - Port 190 is open. Service: Unknown Service. Banner: None
2024-09-12 00:03:03,134 - Port 187 is open. Service: Unknown Service. Banner: None
2024-09-12 00:03:03,134 - Port 191 is open. Service: Unknown Service. Banner: None
2024-09-12 00:03:03,150 - Port 153 is open. Service: Unknown Service. Banner: None
2024-09-12 00:03:06,240 - Port 443 is open. Service: HTTPS. Banner: None
2024-09-12 00:08:15,284 - 172.67.223.78 is up
2024-09-12 00:08:16,360 - Port 87 is open. Service: Unknown Service. Banner: None
2024-09-12 00:08:16,376 - Port 88 is open. Service: Kerberos. Banner: None
2024-09-12 00:08:16,423 - Port 80 is open. Service: HTTP. Banner: None
2024-09-12 00:08:16,439 - Port 25 is open. Service: SMTP. Banner: None
2024-09-12 00:08:17,386 - Port 165 is open. Service: Unknown Service. Banner: None
2024-09-12 00:08:17,386 - Port 147 is open. Service: Unknown Service. Banner: None
2024-09-12 00:08:17,386 - Port 175 is open. Service: Unknown Service. Banner: None
2024-09-12 00:08:17,387 - Port 174 is open. Service: Unknown Service. Banner: None
2024-09-12 00:08:17,402 - Port 146 is open. Service: Unknown Service. Banner: None
2024-09-12 00:08:17,434 - Port 197 is open. Service: Unknown Service. Banner: None
2024-09-12 00:08:17,450 - Port 198 is open. Service: Unknown Service. Banner: None
2024-09-12 00:08:20,498 - Port 443 is open. Service: HTTPS. Banner: None
2024-09-12 00:08:20,498 - Port 492 is open. Service: Unknown Service. Banner: None
2024-09-12 00:08:25,571 - Port 995 is open. Service: POP3S. Banner: None
2024-09-12 00:08:25,587 - Port 996 is open. Service: Unknown Service. Banner: None
2024-09-12 00:08:25,602 - Port 998 is open. Service: Unknown Service. Banner: None
2024-09-12 00:08:25,602 - Port 997 is open. Service: Unknown Service. Banner: None
2024-09-12 00:08:25,618 - Port 999 is open. Service: Unknown Service. Banner: None
2024-09-12 00:08:54,760 - 172.67.223.78/20 is down
2024-09-12 00:09:04,131 - 172.67.223.78 is up
2024-09-12 00:09:05,265 - Port 80 is open. Service: HTTP. Banner: None
2024-09-12 00:09:05,296 - Port 25 is open. Service: SMTP. Banner: None
2024-09-12 00:09:06,246 - Port 188 is open. Service: Unknown Service. Banner: None
2024-09-12 00:09:06,246 - Port 191 is open. Service: Unknown Service. Banner: None
2024-09-12 00:09:06,246 - Port 190 is open. Service: Unknown Service. Banner: None
2024-09-12 00:09:06,261 - Port 186 is open. Service: Unknown Service. Banner: None
2024-09-12 00:09:06,261 - Port 187 is open. Service: Unknown Service. Banner: None
2024-09-12 00:09:06,261 - Port 189 is open. Service: Unknown Service. Banner: None
2024-09-12 00:09:06,261 - Port 170 is open. Service: Unknown Service. Banner: None
2024-09-12 00:09:09,353 - Port 443 is open. Service: HTTPS. Banner: None
2024-09-12 00:14:06,692 - 172.67.223.78 is up
2024-09-12 00:14:07,799 - Port 14 is open. Service: Unknown Service. Banner: None
2024-09-12 00:14:07,799 - Port 97 is open. Service: Swift Remote Virtual File Protocol. Banner: None
2024-09-12 00:14:07,861 - Port 25 is open. Service: SMTP. Banner: None
2024-09-12 00:14:07,861 - Port 80 is open. Service: HTTP. Banner: None
2024-09-12 00:14:08,796 - Port 106 is open. Service: MacOS Server. Banner: None
2024-09-12 00:14:08,811 - Port 108 is open. Service: SNA Gateway Access Server. Banner: None
2024-09-12 00:14:08,811 - Port 193 is open. Service: Unknown Service. Banner: None
2024-09-12 00:14:08,811 - Port 196 is open. Service: Unknown Service. Banner: None
2024-09-12 00:14:08,812 - Port 160 is open. Service: Unknown Service. Banner: None
2024-09-12 00:14:08,812 - Port 116 is open. Service: Unknown Service. Banner: None
2024-09-12 00:14:08,813 - Port 111 is open. Service: ONC RPC. Banner: None
2024-09-12 00:14:10,841 - Port 376 is open. Service: Unknown Service. Banner: None
2024-09-12 00:14:10,842 - Port 323 is open. Service: Unknown Service. Banner: None
2024-09-12 00:14:10,842 - Port 379 is open. Service: Unknown Service. Banner: None
2024-09-12 00:14:11,833 - Port 475 is open. Service: Unknown Service. Banner: None
2024-09-12 00:14:11,833 - Port 452 is open. Service: Unknown Service. Banner: None
2024-09-12 00:14:11,849 - Port 477 is open. Service: Unknown Service. Banner: None
2024-09-12 00:14:11,850 - Port 453 is open. Service: Unknown Service. Banner: None
2024-09-12 00:14:11,912 - Port 443 is open. Service: HTTPS. Banner: None
2024-09-12 00:14:12,909 - Port 594 is open. Service: Unknown Service. Banner: None
2024-09-12 00:14:12,909 - Port 593 is open. Service: Unknown Service. Banner: None
2024-09-12 00:14:12,910 - Port 592 is open. Service: Unknown Service. Banner: None
2024-09-12 00:14:12,910 - Port 591 is open. Service: Unknown Service. Banner: None
2024-09-12 00:14:12,910 - Port 597 is open. Service: Unknown Service. Banner: None
2024-09-12 00:14:12,941 - Port 590 is open. Service: Unknown Service. Banner: None
2024-09-12 00:14:12,941 - Port 596 is open. Service: Unknown Service. Banner: None
2024-09-12 00:14:12,941 - Port 588 is open. Service: Unknown Service. Banner: None
2024-09-12 00:14:12,941 - Port 595 is open. Service: Unknown Service. Banner: None
2024-09-12 00:14:12,941 - Port 599 is open. Service: Unknown Service. Banner: None
2024-09-12 00:14:12,956 - Port 598 is open. Service: Unknown Service. Banner: None
2024-09-12 00:14:15,996 - Port 894 is open. Service: Unknown Service. Banner: None
2024-09-12 00:14:15,996 - Port 893 is open. Service: Unknown Service. Banner: None
2024-09-12 00:14:16,012 - Port 892 is open. Service: Unknown Service. Banner: None
2024-09-12 00:14:16,059 - Port 895 is open. Service: Unknown Service. Banner: None
2024-09-12 00:21:04,949 - 172.67.223.78 is up
2024-09-12 00:21:06,030 - Port 76 is open. Service: DEOS. Banner: None
2024-09-12 00:21:06,030 - Port 70 is open. Service: Gopher. Banner: None
2024-09-12 00:21:06,030 - Port 64 is open. Service: Communications Integrator (CI). Banner: None
2024-09-12 00:21:06,031 - Port 73 is open. Service: NETRJS-3. Banner: None
2024-09-12 00:21:06,031 - Port 78 is open. Service: Vettcp. Banner: None
2024-09-12 00:21:06,031 - Port 84 is open. Service: Common Trace Facility. Banner: None
2024-09-12 00:21:06,031 - Port 71 is open. Service: NETRJS-1. Banner: None
2024-09-12 00:21:06,045 - Port 97 is open. Service: Swift Remote Virtual File Protocol. Banner: None
2024-09-12 00:21:06,045 - Port 98 is open. Service: TAC News. Banner: None
2024-09-12 00:21:06,045 - Port 100 is open. Service: Unknown Service. Banner: None
2024-09-12 00:21:06,076 - Port 80 is open. Service: HTTP. Banner: None
2024-09-12 00:21:06,092 - Port 25 is open. Service: SMTP. Banner: None
2024-09-12 00:21:07,054 - Port 123 is open. Service: NTP. Banner: None
2024-09-12 00:21:07,055 - Port 105 is open. Service: CCSO Nameserver. Banner: None
2024-09-12 00:21:07,055 - Port 104 is open. Service: DICOM. Banner: None
2024-09-12 00:21:07,055 - Port 124 is open. Service: Unknown Service. Banner: None
2024-09-12 00:21:07,055 - Port 111 is open. Service: ONC RPC. Banner: None
2024-09-12 00:21:07,056 - Port 156 is open. Service: Unknown Service. Banner: None
2024-09-12 00:21:07,056 - Port 158 is open. Service: Unknown Service. Banner: None
2024-09-12 00:21:07,056 - Port 118 is open. Service: SQL Services. Banner: None
2024-09-12 00:21:07,056 - Port 153 is open. Service: Unknown Service. Banner: None
2024-09-12 00:21:07,056 - Port 159 is open. Service: Unknown Service. Banner: None
2024-09-12 00:21:07,057 - Port 121 is open. Service: Unknown Service. Banner: None
2024-09-12 00:21:07,057 - Port 154 is open. Service: Unknown Service. Banner: None
2024-09-12 00:21:07,070 - Port 120 is open. Service: Unknown Service. Banner: None
2024-09-12 00:21:07,070 - Port 127 is open. Service: Unknown Service. Banner: None
2024-09-12 00:21:07,070 - Port 157 is open. Service: Unknown Service. Banner: None
2024-09-12 00:21:07,070 - Port 148 is open. Service: Unknown Service. Banner: None
2024-09-12 00:21:07,070 - Port 117 is open. Service: UUCP Path Service. Banner: None
2024-09-12 00:21:07,101 - Port 190 is open. Service: Unknown Service. Banner: None
2024-09-12 00:21:07,132 - Port 106 is open. Service: MacOS Server. Banner: None
2024-09-12 00:21:07,147 - Port 189 is open. Service: Unknown Service. Banner: None
2024-09-12 00:21:07,163 - Port 191 is open. Service: Unknown Service. Banner: None
2024-09-12 00:21:09,145 - Port 395 is open. Service: Unknown Service. Banner: None
2024-09-12 00:21:09,161 - Port 396 is open. Service: Unknown Service. Banner: None
2024-09-12 00:21:10,173 - Port 443 is open. Service: HTTPS. Banner: None
2024-09-12 00:21:14,135 - Port 857 is open. Service: Unknown Service. Banner: None
2024-09-12 00:21:14,135 - Port 851 is open. Service: Unknown Service. Banner: None
2024-09-12 00:21:14,136 - Port 850 is open. Service: Unknown Service. Banner: None
2024-09-12 00:21:14,151 - Port 859 is open. Service: Unknown Service. Banner: None
2024-09-12 00:21:14,181 - Port 886 is open. Service: Unknown Service. Banner: None
2024-09-12 00:21:14,181 - Port 881 is open. Service: Unknown Service. Banner: None
2024-09-12 00:21:14,182 - Port 884 is open. Service: Unknown Service. Banner: None
2024-09-12 00:21:14,182 - Port 888 is open. Service: Unknown Service. Banner: None
2024-09-12 00:21:14,182 - Port 880 is open. Service: Unknown Service. Banner: None
2024-09-12 00:21:14,182 - Port 885 is open. Service: Unknown Service. Banner: None
2024-09-12 00:21:14,183 - Port 882 is open. Service: Unknown Service. Banner: None
2024-09-12 00:21:14,197 - Port 883 is open. Service: Unknown Service. Banner: None
2024-09-12 00:21:14,197 - Port 887 is open. Service: Unknown Service. Banner: None
2024-09-12 00:29:44,922 - 192.168.1.1 is down
2024-09-12 00:37:37,400 - 104.21.86.179 is up
2024-09-12 00:37:37,591 - Port 25 is open. Service: SMTP. Banner: 421 4.2.1 please try again later
2024-09-12 00:37:38,506 - Port 89 is open. Service: SU/MIT Telnet Gateway. Banner: None
2024-09-12 00:37:38,538 - Port 80 is open. Service: HTTP. Banner: None
2024-09-12 00:37:39,509 - Port 183 is open. Service: Unknown Service. Banner: None
2024-09-12 00:37:41,524 - Port 389 is open. Service: Unknown Service. Banner: None
2024-09-12 00:37:41,524 - Port 385 is open. Service: Unknown Service. Banner: None
2024-09-12 00:37:41,525 - Port 390 is open. Service: Unknown Service. Banner: None
2024-09-12 00:37:41,525 - Port 377 is open. Service: Unknown Service. Banner: None
2024-09-12 00:37:41,525 - Port 370 is open. Service: Unknown Service. Banner: None
2024-09-12 00:37:41,526 - Port 392 is open. Service: Unknown Service. Banner: None
2024-09-12 00:37:41,526 - Port 394 is open. Service: Unknown Service. Banner: None
2024-09-12 00:37:41,526 - Port 374 is open. Service: Unknown Service. Banner: None
2024-09-12 00:37:41,526 - Port 372 is open. Service: Unknown Service. Banner: None
2024-09-12 00:37:41,526 - Port 375 is open. Service: Unknown Service. Banner: None
2024-09-12 00:37:41,527 - Port 382 is open. Service: Unknown Service. Banner: None
2024-09-12 00:37:41,527 - Port 386 is open. Service: Unknown Service. Banner: None
2024-09-12 00:37:41,527 - Port 388 is open. Service: Unknown Service. Banner: None
2024-09-12 00:37:41,527 - Port 381 is open. Service: Unknown Service. Banner: None
2024-09-12 00:37:41,528 - Port 378 is open. Service: Unknown Service. Banner: None
2024-09-12 00:37:41,528 - Port 366 is open. Service: Unknown Service. Banner: None
2024-09-12 00:37:41,539 - Port 376 is open. Service: Unknown Service. Banner: None
2024-09-12 00:37:41,539 - Port 379 is open. Service: SIA. Banner: None
2024-09-12 00:37:41,539 - Port 371 is open. Service: Unknown Service. Banner: None
2024-09-12 00:37:41,539 - Port 383 is open. Service: Unknown Service. Banner: None
2024-09-12 00:37:41,539 - Port 373 is open. Service: Unknown Service. Banner: None
2024-09-12 00:37:41,539 - Port 393 is open. Service: Unknown Service. Banner: None
2024-09-12 00:37:41,555 - Port 395 is open. Service: Unknown Service. Banner: None
2024-09-12 00:37:41,555 - Port 396 is open. Service: Unknown Service. Banner: None
2024-09-12 00:37:41,555 - Port 391 is open. Service: Unknown Service. Banner: None
2024-09-12 00:37:41,586 - Port 367 is open. Service: Unknown Service. Banner: None
2024-09-12 00:37:42,629 - Port 443 is open. Service: HTTPS. Banner: None
2024-09-12 00:37:43,594 - Port 581 is open. Service: Unknown Service. Banner: None
2024-09-12 00:37:43,594 - Port 572 is open. Service: Unknown Service. Banner: None
2024-09-12 00:37:43,594 - Port 583 is open. Service: Unknown Service. Banner: None
2024-09-12 00:37:43,594 - Port 579 is open. Service: Unknown Service. Banner: None
2024-09-12 00:37:43,595 - Port 585 is open. Service: Unknown Service. Banner: None
2024-09-12 00:37:43,595 - Port 573 is open. Service: Unknown Service. Banner: None
2024-09-12 00:37:43,595 - Port 576 is open. Service: Unknown Service. Banner: None
2024-09-12 00:37:43,595 - Port 588 is open. Service: Unknown Service. Banner: None
2024-09-12 00:37:43,609 - Port 590 is open. Service: Unknown Service. Banner: None
2024-09-12 00:37:43,609 - Port 577 is open. Service: Unknown Service. Banner: None
2024-09-12 00:37:43,609 - Port 575 is open. Service: Unknown Service. Banner: None
2024-09-12 00:37:43,610 - Port 584 is open. Service: Unknown Service. Banner: None
2024-09-12 00:37:43,610 - Port 586 is open. Service: Unknown Service. Banner: None
2024-09-12 00:37:43,610 - Port 587 is open. Service: Unknown Service. Banner: None
2024-09-12 00:37:43,611 - Port 589 is open. Service: Unknown Service. Banner: None
2024-09-12 00:37:43,625 - Port 591 is open. Service: Unknown Service. Banner: None
